# JRE version: OpenJDK Runtime Environment Temurin-21.0.10+7 (21.0.10+7) (build 21.0.10+7-LTS)
# Java VM: OpenJDK 64-Bit Server VM Temurin-21.0.10+7 (21.0.10+7-LTS, mixed mode, sharing, tiered, compressed oops, compressed class ptrs, parallel gc, windows-amd64)
GC Precious Log:
 CardTable entry size: 512
 CPUs: 8 total, 8 available
 Memory: 7914M
 Large Page Support: Disabled
 NUMA Support: Disabled
 Compressed Oops: Enabled (32-bit)
 Alignments: Space 512K, Generation 512K, Heap 2M
 Heap Min Capacity: 100M
 Heap Initial Capacity: 100M
 Heap Max Capacity: 2G
 Pre-touch: Disabled
 Parallel Workers: 8
Heap:
 PSYoungGen      total 8192K, used 1240K [0x00000000d5580000, 0x00000000d6280000, 0x0000000100000000)
  eden space 7680K, 11% used [0x00000000d5580000,0x00000000d5662130,0x00000000d5d00000)
  from space 512K, 65% used [0x00000000d6200000,0x00000000d6254010,0x00000000d6280000)
  to   space 1024K, 0% used [0x00000000d6080000,0x00000000d6080000,0x00000000d6180000)
 ParOldGen       total 1006080K, used 1005506K [0x0000000080000000, 0x00000000bd680000, 0x00000000d5580000)
  object space 1006080K, 99% used [0x0000000080000000,0x00000000bd5f0960,0x00000000bd680000)
 Metaspace       used 85155K, committed 86656K, reserved 1179648K
  class space    used 8844K, committed 9472K, reserved 1048576K
GC Heap History (20 events):
Event: 19316.357 GC heap before
{Heap before GC invocations=1924 (full 4):
 PSYoungGen      total 4608K, used 4192K [0x00000000d5580000, 0x00000000d5d00000, 0x0000000100000000)
  eden space 2048K, 100% used [0x00000000d5580000,0x00000000d5780000,0x00000000d5780000)
  from space 2560K, 83% used [0x00000000d5a00000,0x00000000d5c18000,0x00000000d5c80000)
  to   space 2560K, 0% used [0x00000000d5780000,0x00000000d5780000,0x00000000d5a00000)
 ParOldGen       total 922112K, used 921600K [0x0000000080000000, 0x00000000b8480000, 0x00000000d5580000)
  object space 922112K, 99% used [0x0000000080000000,0x00000000b84000e0,0x00000000b8480000)
 Metaspace       used 85100K, committed 86592K, reserved 1179648K
  class space    used 8844K, committed 9472K, reserved 1048576K
}
Event: 19316.360 GC heap after
{Heap after GC invocations=1924 (full 4):
 PSYoungGen      total 4608K, used 2144K [0x00000000d5580000, 0x00000000d5d00000, 0x0000000100000000)
  eden space 2048K, 0% used [0x00000000d5580000,0x00000000d5580000,0x00000000d5780000)
  from space 2560K, 83% used [0x00000000d5780000,0x00000000d5998000,0x00000000d5a00000)
  to   space 2560K, 0% used [0x00000000d5a80000,0x00000000d5a80000,0x00000000d5d00000)
 ParOldGen       total 924160K, used 923672K [0x0000000080000000, 0x00000000b8680000, 0x00000000d5580000)
  object space 924160K, 99% used [0x0000000080000000,0x00000000b86060e0,0x00000000b8680000)
 Metaspace       used 85100K, committed 86592K, reserved 1179648K
  class space    used 8844K, committed 9472K, reserved 1048576K
}
Event: 19316.363 GC heap before
{Heap before GC invocations=1925 (full 4):
 PSYoungGen      total 4608K, used 4192K [0x00000000d5580000, 0x00000000d5d00000, 0x0000000100000000)
  eden space 2048K, 100% used [0x00000000d5580000,0x00000000d5780000,0x00000000d5780000)
  from space 2560K, 83% used [0x00000000d5780000,0x00000000d5998000,0x00000000d5a00000)
  to   space 2560K, 0% used [0x00000000d5a80000,0x00000000d5a80000,0x00000000d5d00000)
 ParOldGen       total 924160K, used 923672K [0x0000000080000000, 0x00000000b8680000, 0x00000000d5580000)
  object space 924160K, 99% used [0x0000000080000000,0x00000000b86060e0,0x00000000b8680000)
 Metaspace       used 85100K, committed 86592K, reserved 1179648K
  class space    used 8844K, committed 9472K, reserved 1048576K
}
Event: 19316.366 GC heap after
{Heap after GC invocations=1925 (full 4):
 PSYoungGen      total 5120K, used 2144K [0x00000000d5580000, 0x00000000d5d00000, 0x0000000100000000)
  eden space 2560K, 0% used [0x00000000d5580000,0x00000000d5580000,0x00000000d5800000)
  from space 2560K, 83% used [0x00000000d5a80000,0x00000000d5c98000,0x00000000d5d00000)
  to   space 2560K, 0% used [0x00000000d5800000,0x00000000d5800000,0x00000000d5a80000)
 ParOldGen       total 926208K, used 925744K [0x0000000080000000, 0x00000000b8880000, 0x00000000d5580000)
  object space 926208K, 99% used [0x0000000080000000,0x00000000b880c0e0,0x00000000b8880000)
 Metaspace       used 85100K, committed 86592K, reserved 1179648K
  class space    used 8844K, committed 9472K, reserved 1048576K
}
Event: 19316.370 GC heap before
{Heap before GC invocations=1926 (full 4):
 PSYoungGen      total 5120K, used 4704K [0x00000000d5580000, 0x00000000d5d00000, 0x0000000100000000)
  eden space 2560K, 100% used [0x00000000d5580000,0x00000000d5800000,0x00000000d5800000)
  from space 2560K, 83% used [0x00000000d5a80000,0x00000000d5c98000,0x00000000d5d00000)
  to   space 2560K, 0% used [0x00000000d5800000,0x00000000d5800000,0x00000000d5a80000)
 ParOldGen       total 926208K, used 925744K [0x0000000080000000, 0x00000000b8880000, 0x00000000d5580000)
  object space 926208K, 99% used [0x0000000080000000,0x00000000b880c0e0,0x00000000b8880000)
 Metaspace       used 85100K, committed 86592K, reserved 1179648K
  class space    used 8844K, committed 9472K, reserved 1048576K
}
Event: 19316.373 GC heap after
{Heap after GC invocations=1926 (full 4):
 PSYoungGen      total 5120K, used 2560K [0x00000000d5580000, 0x00000000d6280000, 0x0000000100000000)
  eden space 2560K, 0% used [0x00000000d5580000,0x00000000d5580000,0x00000000d5800000)
  from space 2560K, 100% used [0x00000000d5800000,0x00000000d5a80000,0x00000000d5a80000)
  to   space 5120K, 0% used [0x00000000d5d80000,0x00000000d5d80000,0x00000000d6280000)
 ParOldGen       total 928256K, used 927824K [0x0000000080000000, 0x00000000b8a80000, 0x00000000d5580000)
  object space 928256K, 99% used [0x0000000080000000,0x00000000b8a140e0,0x00000000b8a80000)
 Metaspace       used 85100K, committed 86592K, reserved 1179648K
  class space    used 8844K, committed 9472K, reserved 1048576K
}
Event: 19316.384 GC heap before
{Heap before GC invocations=1927 (full 4):
 PSYoungGen      total 5120K, used 5120K [0x00000000d5580000, 0x00000000d6280000, 0x0000000100000000)
  eden space 2560K, 100% used [0x00000000d5580000,0x00000000d5800000,0x00000000d5800000)
  from space 2560K, 100% used [0x00000000d5800000,0x00000000d5a80000,0x00000000d5a80000)
  to   space 5120K, 0% used [0x00000000d5d80000,0x00000000d5d80000,0x00000000d6280000)
 ParOldGen       total 928256K, used 927824K [0x0000000080000000, 0x00000000b8a80000, 0x00000000d5580000)
  object space 928256K, 99% used [0x0000000080000000,0x00000000b8a140e0,0x00000000b8a80000)
 Metaspace       used 85100K, committed 86592K, reserved 1179648K
  class space    used 8844K, committed 9472K, reserved 1048576K
}
Event: 19316.387 GC heap after
{Heap after GC invocations=1927 (full 4):
 PSYoungGen      total 5120K, used 2016K [0x00000000d5580000, 0x00000000d5f80000, 0x0000000100000000)
  eden space 3072K, 0% used [0x00000000d5580000,0x00000000d5580000,0x00000000d5880000)
  from space 2048K, 98% used [0x00000000d5d80000,0x00000000d5f78000,0x00000000d5f80000)
  to   space 3072K, 0% used [0x00000000d5980000,0x00000000d5980000,0x00000000d5c80000)
 ParOldGen       total 930816K, used 930384K [0x0000000080000000, 0x00000000b8d00000, 0x00000000d5580000)
  object space 930816K, 99% used [0x0000000080000000,0x00000000b8c940e0,0x00000000b8d00000)
 Metaspace       used 85100K, committed 86592K, reserved 1179648K
  class space    used 8844K, committed 9472K, reserved 1048576K
}
Event: 19316.419 GC heap before
{Heap before GC invocations=1928 (full 4):
 PSYoungGen      total 5120K, used 5088K [0x00000000d5580000, 0x00000000d5f80000, 0x0000000100000000)
  eden space 3072K, 100% used [0x00000000d5580000,0x00000000d5880000,0x00000000d5880000)
  from space 2048K, 98% used [0x00000000d5d80000,0x00000000d5f78000,0x00000000d5f80000)
  to   space 3072K, 0% used [0x00000000d5980000,0x00000000d5980000,0x00000000d5c80000)
 ParOldGen       total 930816K, used 930384K [0x0000000080000000, 0x00000000b8d00000, 0x00000000d5580000)
  object space 930816K, 99% used [0x0000000080000000,0x00000000b8c940e0,0x00000000b8d00000)
 Metaspace       used 85101K, committed 86592K, reserved 1179648K
  class space    used 8844K, committed 9472K, reserved 1048576K
}
Event: 19316.423 GC heap after
{Heap after GC invocations=1928 (full 4):
 PSYoungGen      total 7168K, used 3049K [0x00000000d5580000, 0x00000000d6380000, 0x0000000100000000)
  eden space 4096K, 0% used [0x00000000d5580000,0x00000000d5580000,0x00000000d5980000)
  from space 3072K, 99% used [0x00000000d5980000,0x00000000d5c7a7a0,0x00000000d5c80000)
  to   space 5120K, 0% used [0x00000000d5e80000,0x00000000d5e80000,0x00000000d6380000)
 ParOldGen       total 931840K, used 931600K [0x0000000080000000, 0x00000000b8e00000, 0x00000000d5580000)
  object space 931840K, 99% used [0x0000000080000000,0x00000000b8dc40e0,0x00000000b8e00000)
 Metaspace       used 85101K, committed 86592K, reserved 1179648K
  class space    used 8844K, committed 9472K, reserved 1048576K
}
Event: 19316.431 GC heap before
{Heap before GC invocations=1929 (full 4):
 PSYoungGen      total 7168K, used 7145K [0x00000000d5580000, 0x00000000d6380000, 0x0000000100000000)
  eden space 4096K, 100% used [0x00000000d5580000,0x00000000d5980000,0x00000000d5980000)
  from space 3072K, 99% used [0x00000000d5980000,0x00000000d5c7a7a0,0x00000000d5c80000)
  to   space 5120K, 0% used [0x00000000d5e80000,0x00000000d5e80000,0x00000000d6380000)
 ParOldGen       total 931840K, used 931600K [0x0000000080000000, 0x00000000b8e00000, 0x00000000d5580000)
  object space 931840K, 99% used [0x0000000080000000,0x00000000b8dc40e0,0x00000000b8e00000)
 Metaspace       used 85103K, committed 86592K, reserved 1179648K
  class space    used 8844K, committed 9472K, reserved 1048576K
}
Event: 19316.434 GC heap after
{Heap after GC invocations=1929 (full 4):
 PSYoungGen      total 9216K, used 3424K [0x00000000d5580000, 0x00000000d6280000, 0x0000000100000000)
  eden space 5120K, 0% used [0x00000000d5580000,0x00000000d5580000,0x00000000d5a80000)
  from space 4096K, 83% used [0x00000000d5e80000,0x00000000d61d8000,0x00000000d6280000)
  to   space 4096K, 0% used [0x00000000d5a80000,0x00000000d5a80000,0x00000000d5e80000)
 ParOldGen       total 934912K, used 934562K [0x0000000080000000, 0x00000000b9100000, 0x00000000d5580000)
  object space 934912K, 99% used [0x0000000080000000,0x00000000b90a8880,0x00000000b9100000)
 Metaspace       used 85103K, committed 86592K, reserved 1179648K
  class space    used 8844K, committed 9472K, reserved 1048576K
}
Event: 19316.443 GC heap before
{Heap before GC invocations=1930 (full 4):
 PSYoungGen      total 9216K, used 8531K [0x00000000d5580000, 0x00000000d6280000, 0x0000000100000000)
  eden space 5120K, 99% used [0x00000000d5580000,0x00000000d5a7cd10,0x00000000d5a80000)
  from space 4096K, 83% used [0x00000000d5e80000,0x00000000d61d8000,0x00000000d6280000)
  to   space 4096K, 0% used [0x00000000d5a80000,0x00000000d5a80000,0x00000000d5e80000)
 ParOldGen       total 934912K, used 934562K [0x0000000080000000, 0x00000000b9100000, 0x00000000d5580000)
  object space 934912K, 99% used [0x0000000080000000,0x00000000b90a8880,0x00000000b9100000)
 Metaspace       used 85106K, committed 86592K, reserved 1179648K
  class space    used 8844K, committed 9472K, reserved 1048576K
}
Event: 19316.451 GC heap after
{Heap after GC invocations=1930 (full 4):
 PSYoungGen      total 9216K, used 4088K [0x00000000d5580000, 0x00000000d6c80000, 0x0000000100000000)
  eden space 5120K, 0% used [0x00000000d5580000,0x00000000d5580000,0x00000000d5a80000)
  from space 4096K, 99% used [0x00000000d5a80000,0x00000000d5e7e020,0x00000000d5e80000)
  to   space 8704K, 0% used [0x00000000d6400000,0x00000000d6400000,0x00000000d6c80000)
 ParOldGen       total 938496K, used 938242K [0x0000000080000000, 0x00000000b9480000, 0x00000000d5580000)
  object space 938496K, 99% used [0x0000000080000000,0x00000000b9440880,0x00000000b9480000)
 Metaspace       used 85106K, committed 86592K, reserved 1179648K
  class space    used 8844K, committed 9472K, reserved 1048576K
}
Event: 19316.467 GC heap before
{Heap before GC invocations=1931 (full 4):
 PSYoungGen      total 9216K, used 9077K [0x00000000d5580000, 0x00000000d6c80000, 0x0000000100000000)
  eden space 5120K, 97% used [0x00000000d5580000,0x00000000d5a5f438,0x00000000d5a80000)
  from space 4096K, 99% used [0x00000000d5a80000,0x00000000d5e7e020,0x00000000d5e80000)
  to   space 8704K, 0% used [0x00000000d6400000,0x00000000d6400000,0x00000000d6c80000)
 ParOldGen       total 938496K, used 938242K [0x0000000080000000, 0x00000000b9480000, 0x00000000d5580000)
  object space 938496K, 99% used [0x0000000080000000,0x00000000b9440880,0x00000000b9480000)
 Metaspace       used 85106K, committed 86592K, reserved 1179648K
  class space    used 8844K, committed 9472K, reserved 1048576K
}
Event: 19316.472 GC heap after
{Heap after GC invocations=1931 (full 4):
 PSYoungGen      total 11264K, used 4896K [0x00000000d5580000, 0x00000000d6900000, 0x0000000100000000)
  eden space 6144K, 0% used [0x00000000d5580000,0x00000000d5580000,0x00000000d5b80000)
  from space 5120K, 95% used [0x00000000d6400000,0x00000000d68c8168,0x00000000d6900000)
  to   space 6144K, 0% used [0x00000000d5d00000,0x00000000d5d00000,0x00000000d6300000)
 ParOldGen       total 942080K, used 941802K [0x0000000080000000, 0x00000000b9800000, 0x00000000d5580000)
  object space 942080K, 99% used [0x0000000080000000,0x00000000b97ba8b0,0x00000000b9800000)
 Metaspace       used 85106K, committed 86592K, reserved 1179648K
  class space    used 8844K, committed 9472K, reserved 1048576K
}
Event: 19317.636 GC heap before
{Heap before GC invocations=1932 (full 4):
 PSYoungGen      total 11264K, used 11040K [0x00000000d5580000, 0x00000000d6900000, 0x0000000100000000)
  eden space 6144K, 99% used [0x00000000d5580000,0x00000000d5b7ff78,0x00000000d5b80000)
  from space 5120K, 95% used [0x00000000d6400000,0x00000000d68c8168,0x00000000d6900000)
  to   space 6144K, 0% used [0x00000000d5d00000,0x00000000d5d00000,0x00000000d6300000)
 ParOldGen       total 973824K, used 972522K [0x0000000080000000, 0x00000000bb700000, 0x00000000d5580000)
  object space 973824K, 99% used [0x0000000080000000,0x00000000bb5ba8e0,0x00000000bb700000)
 Metaspace       used 85148K, committed 86656K, reserved 1179648K
  class space    used 8844K, committed 9472K, reserved 1048576K
}
Event: 19317.641 GC heap after
{Heap after GC invocations=1932 (full 4):
 PSYoungGen      total 8704K, used 736K [0x00000000d5580000, 0x00000000d6480000, 0x0000000100000000)
  eden space 7680K, 0% used [0x00000000d5580000,0x00000000d5580000,0x00000000d5d00000)
  from space 1024K, 71% used [0x00000000d5d00000,0x00000000d5db8020,0x00000000d5e00000)
  to   space 2560K, 0% used [0x00000000d6200000,0x00000000d6200000,0x00000000d6480000)
 ParOldGen       total 974336K, used 974154K [0x0000000080000000, 0x00000000bb780000, 0x00000000d5580000)
  object space 974336K, 99% used [0x0000000080000000,0x00000000bb752910,0x00000000bb780000)
 Metaspace       used 85148K, committed 86656K, reserved 1179648K
  class space    used 8844K, committed 9472K, reserved 1048576K
}
Event: 19317.738 GC heap before
{Heap before GC invocations=1933 (full 4):
 PSYoungGen      total 8704K, used 8416K [0x00000000d5580000, 0x00000000d6480000, 0x0000000100000000)
  eden space 7680K, 99% used [0x00000000d5580000,0x00000000d5cffff8,0x00000000d5d00000)
  from space 1024K, 71% used [0x00000000d5d00000,0x00000000d5db8020,0x00000000d5e00000)
  to   space 2560K, 0% used [0x00000000d6200000,0x00000000d6200000,0x00000000d6480000)
 ParOldGen       total 1006080K, used 1004874K [0x0000000080000000, 0x00000000bd680000, 0x00000000d5580000)
  object space 1006080K, 99% used [0x0000000080000000,0x00000000bd552940,0x00000000bd680000)
 Metaspace       used 85154K, committed 86656K, reserved 1179648K
  class space    used 8844K, committed 9472K, reserved 1048576K
}
Event: 19317.741 GC heap after
{Heap after GC invocations=1933 (full 4):
 PSYoungGen      total 8192K, used 336K [0x00000000d5580000, 0x00000000d6280000, 0x0000000100000000)
  eden space 7680K, 0% used [0x00000000d5580000,0x00000000d5580000,0x00000000d5d00000)
  from space 512K, 65% used [0x00000000d6200000,0x00000000d6254010,0x00000000d6280000)
  to   space 1024K, 0% used [0x00000000d6080000,0x00000000d6080000,0x00000000d6180000)
 ParOldGen       total 1006080K, used 1005506K [0x0000000080000000, 0x00000000bd680000, 0x00000000d5580000)
  object space 1006080K, 99% used [0x0000000080000000,0x00000000bd5f0960,0x00000000bd680000)
 Metaspace       used 85154K, committed 86656K, reserved 1179648K
  class space    used 8844K, committed 9472K, reserved 1048576K
}

